#
# There is insufficient memory for the Java Runtime Environment to continue.
# Native memory allocation (mmap) failed to map 257949696 bytes for G1 virtual space
# Possible reasons:
#   The system is out of physical RAM or swap space
#   The process is running with CompressedOops enabled, and the Java Heap may be blocking the growth of the native heap
# Possible solutions:
#   Reduce memory load on the system
#   Increase physical memory or swap space
#   Check if swap backing store is full
#   Decrease Java heap size (-Xmx/-Xms)
#   Decrease number of Java threads
#   Decrease Java thread stack sizes (-Xss)
#   Set larger code cache with -XX:ReservedCodeCacheSize=
#   JVM is running with Zero Based Compressed Oops mode in which the Java heap is
#     placed in the first 32GB address space. The Java Heap base address is the
#     maximum limit for the native heap growth. Please use -XX:HeapBaseMinAddress
#     to set the Java Heap base and to place the Java Heap above 32GB virtual address.
# This output file may be truncated or incomplete.
#
#  Out of Memory Error (os_windows.cpp:3825), pid=23876, tid=20876
#
# JRE version:  (17.0.10+1) (build )
# Java VM: OpenJDK 64-Bit Server VM (17.0.10+1-b1087.17, mixed mode, sharing, tiered, compressed oops, compressed class ptrs, g1 gc, windows-amd64)
# No core dump will be written. Minidumps are not enabled by default on client versions of Windows
#

---------------  S U M M A R Y ------------

Command Line: -Dfile.encoding=GBK D:\codeapp\DevEco\DevEcoStudio\sdk\default\openharmony\toolchains\lib\app_packing_tool.jar --mode hap --force true --lib-path E:\code\test\harmony\MyApp01\entry\build\default\intermediates\stripped_native_libs\default --json-path E:\code\test\harmony\MyApp01\entry\build\default\intermediates\package\default\module.json --resources-path E:\code\test\harmony\MyApp01\entry\build\default\intermediates\res\default\resources --index-path E:\code\test\harmony\MyApp01\entry\build\default\intermediates\res\default\resources.index --pack-info-path E:\code\test\harmony\MyApp01\entry\build\default\outputs\default\pack.info --out-path E:\code\test\harmony\MyApp01\entry\build\default\outputs\default\entry-default-unsigned.hap --ets-path E:\code\test\harmony\MyApp01\entry\build\default\intermediates\loader_out\default\ets --pkg-context-path E:\code\test\harmony\MyApp01\entry\build\default\intermediates\loader\default\pkgContextInfo.json

Host: AMD Ryzen 7 4800U with Radeon Graphics         , 16 cores, 15G,  Windows 11 , 64 bit Build 22621 (10.0.22621.4000)
Time: Tue Oct 22 15:55:05 2024  Windows 11 , 64 bit Build 22621 (10.0.22621.4000) elapsed time: 0.018364 seconds (0d 0h 0m 0s)

---------------  T H R E A D  ---------------

Current thread (0x0000024b0787aae0):  JavaThread "Unknown thread" [_thread_in_vm, id=20876, stack(0x000000ed32400000,0x000000ed32500000)]

Stack: [0x000000ed32400000,0x000000ed32500000]
Native frames: (J=compiled Java code, j=interpreted, Vv=VM code, C=native code)
V  [jvm.dll+0x688ac9]
V  [jvm.dll+0x84220a]
V  [jvm.dll+0x843e4e]
V  [jvm.dll+0x8444b3]
V  [jvm.dll+0x24ba8f]
V  [jvm.dll+0x685899]
V  [jvm.dll+0x67a14a]
V  [jvm.dll+0x30c7eb]
V  [jvm.dll+0x313c96]
V  [jvm.dll+0x363a2e]
V  [jvm.dll+0x363c5f]
V  [jvm.dll+0x2e25b8]
V  [jvm.dll+0x2e3524]
V  [jvm.dll+0x812d71]
V  [jvm.dll+0x3718e1]
V  [jvm.dll+0x7f18d6]
V  [jvm.dll+0x3f553f]
V  [jvm.dll+0x3f7171]
C  [jli.dll+0x528f]
C  [ucrtbase.dll+0x29333]
C  [KERNEL32.DLL+0x1257d]
C  [ntdll.dll+0x5af08]


---------------  P R O C E S S  ---------------

Threads class SMR info:
_java_thread_list=0x00007ffd453fef58, length=0, elements={
}

Java Threads: ( => current thread )

Other Threads:
  0x0000024b078df8f0 GCTaskThread "GC Thread#0" [stack: 0x000000ed32500000,0x000000ed32600000] [id=17736]
  0x0000024b078efcb0 ConcurrentGCThread "G1 Main Marker" [stack: 0x000000ed32600000,0x000000ed32700000] [id=16820]
  0x0000024b078f0d10 ConcurrentGCThread "G1 Conc#0" [stack: 0x000000ed32700000,0x000000ed32800000] [id=22792]

[error occurred during error reporting (printing all threads), id 0xc0000005, EXCEPTION_ACCESS_VIOLATION (0xc0000005) at pc=0x00007ffd44bb3187]

VM state: not at safepoint (not fully initialized)

VM Mutex/Monitor currently owned by a thread:  ([mutex/lock_event])
[0x0000024b078764f0] Heap_lock - owner thread: 0x0000024b0787aae0

Heap address: 0x000000070a200000, size: 3934 MB, Compressed Oops mode: Zero based, Oop shift amount: 3

CDS archive(s) mapped at: [0x0000000000000000-0x0000000000000000-0x0000000000000000), size 0, SharedBaseAddress: 0x0000000800000000, ArchiveRelocationMode: 1.
Narrow klass base: 0x0000000000000000, Narrow klass shift: 0, Narrow klass range: 0x0

GC Precious Log:
<Empty>

Heap:
 garbage-first heap   total 0K, used 0K [0x000000070a200000, 0x0000000800000000)
  region size 2048K, 0 young (0K), 0 survivors (0K)
 Metaspace       used 0K, committed 0K, reserved 0K
  class space    used 0K, committed 0K, reserved 0K

Heap Regions: E=young(eden), S=young(survivor), O=old, HS=humongous(starts), HC=humongous(continues), CS=collection set, F=free, OA=open archive, CA=closed archive, TAMS=top-at-mark-start (previous, next)

Card table byte_map: [0x0000024b1b010000,0x0000024b1b7c0000] _byte_map_base: 0x0000024b177bf000

Marking Bits (Prev, Next): (CMBitMap*) 0x0000024b078dfdb0, (CMBitMap*) 0x0000024b078dfdf0
 Prev Bits: [0x0000024b1bf70000, 0x0000024b1fce8000)
 Next Bits: [0x0000024b1fcf0000, 0x0000024b23a68000)

GC Heap History (0 events):
No events

Dll operation events (1 events):
Event: 0.012 Loaded shared library D:\codeapp\DevEco\DevEcoStudio\jbr\bin\java.dll

Deoptimization events (0 events):
No events

Classes unloaded (0 events):
No events

Classes redefined (0 events):
No events

Internal exceptions (0 events):
No events

VM Operations (0 events):
No events

Events (0 events):
No events


Dynamic libraries:
0x00007ff739dd0000 - 0x00007ff739dda000 	D:\codeapp\DevEco\DevEcoStudio\jbr\bin\java.exe
0x00007ffdc5790000 - 0x00007ffdc59a7000 	C:\WINDOWS\SYSTEM32\ntdll.dll
0x00007ffdc42d0000 - 0x00007ffdc4394000 	C:\WINDOWS\System32\KERNEL32.DLL
0x00007ffdc2f50000 - 0x00007ffdc3309000 	C:\WINDOWS\System32\KERNELBASE.dll
0x00007ffdc2e00000 - 0x00007ffdc2f11000 	C:\WINDOWS\System32\ucrtbase.dll
0x00007ffdbef10000 - 0x00007ffdbef27000 	D:\codeapp\DevEco\DevEcoStudio\jbr\bin\jli.dll
0x00007ffdbafe0000 - 0x00007ffdbaffb000 	D:\codeapp\DevEco\DevEcoStudio\jbr\bin\VCRUNTIME140.dll
0x00007ffdc4960000 - 0x00007ffdc4b0f000 	C:\WINDOWS\System32\USER32.dll
0x00007ffdc2f20000 - 0x00007ffdc2f46000 	C:\WINDOWS\System32\win32u.dll
0x00007ffdc43a0000 - 0x00007ffdc43c9000 	C:\WINDOWS\System32\GDI32.dll
0x00007ffdc2a90000 - 0x00007ffdc2bab000 	C:\WINDOWS\System32\gdi32full.dll
0x00007ffd9e220000 - 0x00007ffd9e4b2000 	C:\WINDOWS\WinSxS\amd64_microsoft.windows.common-controls_6595b64144ccf1df_6.0.22621.4291_none_2715d3a373803e45\COMCTL32.dll
0x00007ffdc3ad0000 - 0x00007ffdc3b77000 	C:\WINDOWS\System32\msvcrt.dll
0x00007ffdc2ce0000 - 0x00007ffdc2d7a000 	C:\WINDOWS\System32\msvcp_win.dll
0x00007ffdc45e0000 - 0x00007ffdc4611000 	C:\WINDOWS\System32\IMM32.DLL
0x00007ffdbf160000 - 0x00007ffdbf16c000 	D:\codeapp\DevEco\DevEcoStudio\jbr\bin\vcruntime140_1.dll
0x00007ffdab930000 - 0x00007ffdab9bd000 	D:\codeapp\DevEco\DevEcoStudio\jbr\bin\msvcp140.dll
0x00007ffd448c0000 - 0x00007ffd45543000 	D:\codeapp\DevEco\DevEcoStudio\jbr\bin\server\jvm.dll
0x00007ffdc3930000 - 0x00007ffdc39e2000 	C:\WINDOWS\System32\ADVAPI32.dll
0x00007ffdc43d0000 - 0x00007ffdc4478000 	C:\WINDOWS\System32\sechost.dll
0x00007ffdc3480000 - 0x00007ffdc34a8000 	C:\WINDOWS\System32\bcrypt.dll
0x00007ffdc4190000 - 0x00007ffdc42a4000 	C:\WINDOWS\System32\RPCRT4.dll
0x00007ffdc2960000 - 0x00007ffdc29ad000 	C:\WINDOWS\SYSTEM32\POWRPROF.dll
0x00007ffdbf150000 - 0x00007ffdbf159000 	C:\WINDOWS\SYSTEM32\WSOCK32.dll
0x00007ffdbee20000 - 0x00007ffdbee54000 	C:\WINDOWS\SYSTEM32\WINMM.dll
0x00007ffdb7970000 - 0x00007ffdb797a000 	C:\WINDOWS\SYSTEM32\VERSION.dll
0x00007ffdc56d0000 - 0x00007ffdc5741000 	C:\WINDOWS\System32\WS2_32.dll
0x00007ffdc2890000 - 0x00007ffdc28a3000 	C:\WINDOWS\SYSTEM32\UMPDC.dll
0x00007ffdc1aa0000 - 0x00007ffdc1ab8000 	C:\WINDOWS\SYSTEM32\kernel.appcore.dll
0x00007ffdbf140000 - 0x00007ffdbf14a000 	D:\codeapp\DevEco\DevEcoStudio\jbr\bin\jimage.dll
0x00007ffdc0290000 - 0x00007ffdc04c2000 	C:\WINDOWS\SYSTEM32\DBGHELP.DLL
0x00007ffdc3c70000 - 0x00007ffdc3fff000 	C:\WINDOWS\System32\combase.dll
0x00007ffdc39f0000 - 0x00007ffdc3ac7000 	C:\WINDOWS\System32\OLEAUT32.dll
0x00007ffdbede0000 - 0x00007ffdbee12000 	C:\WINDOWS\SYSTEM32\dbgcore.DLL
0x00007ffdc2d80000 - 0x00007ffdc2dfb000 	C:\WINDOWS\System32\bcryptPrimitives.dll
0x00007ffdbeee0000 - 0x00007ffdbef05000 	D:\codeapp\DevEco\DevEcoStudio\jbr\bin\java.dll

dbghelp: loaded successfully - version: 4.0.5 - missing functions: none
symbol engine: initialized successfully - sym options: 0x614 - pdb path: .;D:\codeapp\DevEco\DevEcoStudio\jbr\bin;C:\WINDOWS\SYSTEM32;C:\WINDOWS\WinSxS\amd64_microsoft.windows.common-controls_6595b64144ccf1df_6.0.22621.4291_none_2715d3a373803e45;D:\codeapp\DevEco\DevEcoStudio\jbr\bin\server

VM Arguments:
jvm_args: -Dfile.encoding=GBK 
java_command: D:\codeapp\DevEco\DevEcoStudio\sdk\default\openharmony\toolchains\lib\app_packing_tool.jar --mode hap --force true --lib-path E:\code\test\harmony\MyApp01\entry\build\default\intermediates\stripped_native_libs\default --json-path E:\code\test\harmony\MyApp01\entry\build\default\intermediates\package\default\module.json --resources-path E:\code\test\harmony\MyApp01\entry\build\default\intermediates\res\default\resources --index-path E:\code\test\harmony\MyApp01\entry\build\default\intermediates\res\default\resources.index --pack-info-path E:\code\test\harmony\MyApp01\entry\build\default\outputs\default\pack.info --out-path E:\code\test\harmony\MyApp01\entry\build\default\outputs\default\entry-default-unsigned.hap --ets-path E:\code\test\harmony\MyApp01\entry\build\default\intermediates\loader_out\default\ets --pkg-context-path E:\code\test\harmony\MyApp01\entry\build\default\intermediates\loader\default\pkgContextInfo.json
java_class_path (initial): D:\codeapp\DevEco\DevEcoStudio\sdk\default\openharmony\toolchains\lib\app_packing_tool.jar
Launcher Type: SUN_STANDARD

[Global flags]
     intx CICompilerCount                          = 12                                        {product} {ergonomic}
     uint ConcGCThreads                            = 3                                         {product} {ergonomic}
     uint G1ConcRefinementThreads                  = 13                                        {product} {ergonomic}
   size_t G1HeapRegionSize                         = 2097152                                   {product} {ergonomic}
    uintx GCDrainStackTargetSize                   = 64                                        {product} {ergonomic}
   size_t InitialHeapSize                          = 257949696                                 {product} {ergonomic}
   size_t MarkStackSize                            = 4194304                                   {product} {ergonomic}
   size_t MaxHeapSize                              = 4125097984                                {product} {ergonomic}
   size_t MinHeapDeltaBytes                        = 2097152                                   {product} {ergonomic}
   size_t MinHeapSize                              = 8388608                                   {product} {ergonomic}
    uintx NonNMethodCodeHeapSize                   = 7602480                                {pd product} {ergonomic}
    uintx NonProfiledCodeHeapSize                  = 122027880                              {pd product} {ergonomic}
    uintx ProfiledCodeHeapSize                     = 122027880                              {pd product} {ergonomic}
    uintx ReservedCodeCacheSize                    = 251658240                              {pd product} {ergonomic}
     bool SegmentedCodeCache                       = true                                      {product} {ergonomic}
   size_t SoftMaxHeapSize                          = 4125097984                             {manageable} {ergonomic}
     bool UseCompressedClassPointers               = true                           {product lp64_product} {ergonomic}
     bool UseCompressedOops                        = true                           {product lp64_product} {ergonomic}
     bool UseG1GC                                  = true                                      {product} {ergonomic}
     bool UseLargePagesIndividualAllocation        = false                                  {pd product} {ergonomic}

Logging:
Log output configuration:
 #0: stdout all=warning uptime,level,tags
 #1: stderr all=off uptime,level,tags

Environment Variables:
JAVA_HOME=D:\codeapp\DevEco\DevEcoStudio\jbr
CLASSPATH=.\;E:\Web\JDK 11_11.0.16\lib\dt.jar;\E:\Web\JDK 11_11.0.16\lib\tools.jar;E:\Web\JDK 11_11.0.16\bin
PATH=D:\codeapp\DevEco\DevEcoStudio\tools\node;D:\codeapp\DevEco\DevEcoStudio\jbr\bin;E:\PY\python311\Scripts\;E:\PY\python311\;C:\Program Files\Common Files\Oracle\Java\javapath;C:\Users\Lenovo\AppData\Local\Programs\Python\Python39\Scripts\;C:\Users\Lenovo\AppData\Local\Programs\Python\Python39\;E:\PY\python\Scripts\;E:\PY\python\;E:\PY\Scripts\;E:\PY\;C:\Program Files\Microsoft MPI\Bin\;C:\ProgramData\Oracle\Java\javapath;C:\WINDOWS\system32;C:\WINDOWS;C:\WINDOWS\System32\Wbem;C:\WINDOWS\System32\WindowsPowerShell\v1.0\;C:\WINDOWS\System32\OpenSSH\;E:\Web\JDK 11_11.0.16\bin;E:\Web\JDK 11_11.0.16\jre\bin;E:\数据库\SQL Server 2019(64bit)\sql_server_2019\2\Client SDK\ODBC\170\Tools\Binn\;E:;数据库\SQL Server 2019(64bit)\sql_server_2019\3\150\Tools\Binn\;E:;数据库\SQL Server 2019(64bit)\sql_server_2019\2\150\Tools\Binn\;E:;数据库\SQL Server 2019(64bit)\sql_server_2019\2\150\DTS\Binn\;E:;数据库\SQL Server 2019(64bit)\sql_server_2019\3\150\DTS\Binn\;E:;数据库\SQL Server 2019(64bit)\sql_server_2019\2\130\Tools\Binn\;E:;数据库\SQL Server 2019(64bit)\sql_server_2019\2\110\Tools\Binn\;D:;NEW\bianyi\FlexrComplier\ComplierComplier\GnuWin32\bin;D:\NEW\bianyi\FlexrComplier\ComplierComplier\MinGW\bin;D:\Program Files\Nox\bin;E:\数据库\SQL Server 2019(64bit)\sql_server_2019\2\150\DTS\Binn\;%N;M_HOME%;D:\Code APP\微信web开发者工具\dll;D:\cod;app\mongodb\bin;D:\Tools\maven\apache-maven-3.9.3\bin;D:\Tools\redis\redisone\;C:\Program Files\MySQL\MySQL Server 8.0\bin\;D:\codeapp\nvm\nvm\v1.1.1;D:\codeapp\nvm\nvm\v1.1.1\node-global;F:\codeapp\Android\Sdk\tools\bin;F:\codeapp\Android\Sdk\tools;F:\codeapp\Android\Sdk\platform-tools;D:\codeapp\DevEco\command-line-tools\bin;D:\Tools\ccc\mingw64\bin;D:\Tools\ccc\cmake\bin;E:\codeapp\git\Git\cmd;E:\PY\python38\Scripts\;E:\PY\python38\;C:\Users\Lenovo\AppData\Local\Programs\Python\Python39\Scripts\;C:\Users\Lenovo\AppData\Local\Programs\Python\Python39\;E:\py\Scripts\;E:\py\;C:\Users\Lenovo\AppData\Local\Microsoft\WindowsApps;D:\Code APP\Pycharm
USERNAME=Lenovo
OS=Windows_NT
PROCESSOR_IDENTIFIER=AMD64 Family 23 Model 96 Stepping 1, AuthenticAMD
TMP=C:\Users\Lenovo\AppData\Local\Temp
TEMP=C:\Users\Lenovo\AppData\Local\Temp



Periodic native trim disabled

JNI global refs:
JNI global refs: 0, weak refs: 0

JNI global refs memory usage: 0, weak refs: 0

OOME stack traces (most recent first):
Classloader memory used:


---------------  S Y S T E M  ---------------

OS:
 Windows 11 , 64 bit Build 22621 (10.0.22621.4000)
OS uptime: 0 days 6:53 hours
Hyper-V role detected

CPU: total 16 (initial active 16) (16 cores per cpu, 2 threads per core) family 23 model 96 stepping 1 microcode 0x0, cx8, cmov, fxsr, ht, mmx, 3dnowpref, sse, sse2, sse3, ssse3, sse4a, sse4.1, sse4.2, popcnt, lzcnt, tsc, tscinvbit, avx, avx2, aes, clmul, bmi1, bmi2, adx, sha, fma, vzeroupper, clflush, clflushopt, hv
Processor Information for all 16 processors :
  Max Mhz: 1800, Current Mhz: 1800, Mhz Limit: 1800

Memory: 4k page, system-wide physical 15734M (7965M free)
TotalPageFile size 28534M (AvailPageFile size 51M)
current process WorkingSet (physical memory assigned to process): 11M, peak: 11M
current process commit charge ("private bytes"): 70M, peak: 316M

vm_info: OpenJDK 64-Bit Server VM (17.0.10+1-b1087.17) for windows-amd64 JRE (17.0.10+1-b1087.17), built on 2024-01-19 by "builduser" with MS VC++ 16.10 / 16.11 (VS2019)

END.
